<?xml version="1.0" encoding="UTF-8"?>
<testng-results skipped="0" failed="0" total="0" passed="0">
  <reporter-output>
  </reporter-output>
  <suite name="com.lowes.qa.qa.lowes.AppTest" duration-ms="2" started-at="2015-03-03T02:35:47Z" finished-at="2015-03-03T02:35:47Z">
    <groups>
    </groups>
    <test name="Command line test" duration-ms="2" started-at="2015-03-03T02:35:47Z" finished-at="2015-03-03T02:35:47Z">
    </test> <!-- Command line test -->
  </suite> <!-- com.lowes.qa.qa.lowes.AppTest -->
</testng-results>
